C:\Programs\VisualStudio\VS\MSBuild\Microsoft\VC\v170\Microsoft.CppBuild.targets(1119,5): warning MSB8027: два или более файлов с именем Airplanes.cpp выводят результаты в одно и то же расположение. Это может стать причиной неверного результата сборки.  Включенные файлы — src\Airplanes.cpp, src\BasicForms\Airplanes.cpp.
C:\Programs\VisualStudio\VS\MSBuild\Microsoft\VC\v170\Microsoft.CppBuild.targets(1119,5): warning MSB8027: два или более файлов с именем Airports.cpp выводят результаты в одно и то же расположение. Это может стать причиной неверного результата сборки.  Включенные файлы — src\Airports.cpp, src\BasicForms\Airports.cpp.
C:\Programs\VisualStudio\VS\MSBuild\Microsoft\VC\v170\Microsoft.CppBuild.targets(1119,5): warning MSB8027: два или более файлов с именем ArrivalBoard.cpp выводят результаты в одно и то же расположение. Это может стать причиной неверного результата сборки.  Включенные файлы — src\ArrivalBoard.cpp, src\BasicForms\ArrivalBoard.cpp.
C:\Programs\VisualStudio\VS\MSBuild\Microsoft\VC\v170\Microsoft.CppBuild.targets(1119,5): warning MSB8027: два или более файлов с именем Baggage.cpp выводят результаты в одно и то же расположение. Это может стать причиной неверного результата сборки.  Включенные файлы — src\BasicForms\Baggage.cpp, src\Baggage.cpp.
C:\Programs\VisualStudio\VS\MSBuild\Microsoft\VC\v170\Microsoft.CppBuild.targets(1119,5): warning MSB8027: два или более файлов с именем BoardingPass.cpp выводят результаты в одно и то же расположение. Это может стать причиной неверного результата сборки.  Включенные файлы — src\BasicForms\BoardingPass.cpp, src\BoardingPass.cpp.
C:\Programs\VisualStudio\VS\MSBuild\Microsoft\VC\v170\Microsoft.CppBuild.targets(1119,5): warning MSB8027: два или более файлов с именем DepartureBoard.cpp выводят результаты в одно и то же расположение. Это может стать причиной неверного результата сборки.  Включенные файлы — src\BasicForms\DepartureBoard.cpp, src\DepartureBoard.cpp.
C:\Programs\VisualStudio\VS\MSBuild\Microsoft\VC\v170\Microsoft.CppBuild.targets(1119,5): warning MSB8027: два или более файлов с именем Flights.cpp выводят результаты в одно и то же расположение. Это может стать причиной неверного результата сборки.  Включенные файлы — src\BasicForms\Flights.cpp, src\Flights.cpp.
C:\Programs\VisualStudio\VS\MSBuild\Microsoft\VC\v170\Microsoft.CppBuild.targets(1119,5): warning MSB8027: два или более файлов с именем Passangers.cpp выводят результаты в одно и то же расположение. Это может стать причиной неверного результата сборки.  Включенные файлы — src\BasicForms\Passangers.cpp, src\Passangers.cpp.
  Airplanes.cpp
  Airports.cpp
  ArrivalBoard.cpp
  Airplanes.cpp
/src/BasicForms/Airplanes.cpp(1,1): error C1083: Не удается открыть файл источник: src\BasicForms\Airplanes.cpp: No such file or directory,
  (компиляция исходного файла "/src/BasicForms/Airplanes.cpp")
  
  Airports.cpp
/src/BasicForms/Airports.cpp(1,1): error C1083: Не удается открыть файл источник: src\BasicForms\Airports.cpp: No such file or directory,
  (компиляция исходного файла "/src/BasicForms/Airports.cpp")
  
  ArrivalBoard.cpp
/src/BasicForms/ArrivalBoard.cpp(1,1): error C1083: Не удается открыть файл источник: src\BasicForms\ArrivalBoard.cpp: No such file or directory,
  (компиляция исходного файла "/src/BasicForms/ArrivalBoard.cpp")
  
  Baggage.cpp
/src/BasicForms/Baggage.cpp(1,1): error C1083: Не удается открыть файл источник: src\BasicForms\Baggage.cpp: No such file or directory,
  (компиляция исходного файла "/src/BasicForms/Baggage.cpp")
  
  BoardingPass.cpp
/src/BasicForms/BoardingPass.cpp(1,1): error C1083: Не удается открыть файл источник: src\BasicForms\BoardingPass.cpp: No such file or directory,
  (компиляция исходного файла "/src/BasicForms/BoardingPass.cpp")
  
  DepartureBoard.cpp
/src/BasicForms/DepartureBoard.cpp(1,1): error C1083: Не удается открыть файл источник: src\BasicForms\DepartureBoard.cpp: No such file or directory,
  (компиляция исходного файла "/src/BasicForms/DepartureBoard.cpp")
  
  Flights.cpp
/src/BasicForms/Flights.cpp(1,1): error C1083: Не удается открыть файл источник: src\BasicForms\Flights.cpp: No such file or directory,
  (компиляция исходного файла "/src/BasicForms/Flights.cpp")
  
  Passangers.cpp
/src/BasicForms/Passangers.cpp(1,1): error C1083: Не удается открыть файл источник: src\BasicForms\Passangers.cpp: No such file or directory,
  (компиляция исходного файла "/src/BasicForms/Passangers.cpp")
  
  BoardingPass.cpp
  DepartureBoard.cpp
  LoginForm.cpp
  main.cpp
  Flights.cpp
  MenuAgent.cpp
  Baggage.cpp
  Passangers.cpp
  .NETFramework,Version=v4.7.2.AssemblyAttributes.cpp
  Создание кода...
