c:\управление данными\airport\airport\x64\debug\vc143.pdb
c:\управление данными\airport\airport\x64\debug\.netframework,version=v4.7.2.assemblyattributes.obj
c:\управление данными\airport\airport\x64\debug\main.obj
c:\управление данными\airport\airport\x64\debug\loginform.obj
c:\управление данными\airport\airport\x64\debug\passangers.obj
c:\управление данными\airport\airport\x64\debug\flights.obj
c:\управление данными\airport\airport\x64\debug\departureboard.obj
c:\управление данными\airport\airport\x64\debug\arrivalboard.obj
c:\управление данными\airport\airport\x64\debug\airports.obj
c:\управление данными\airport\airport\x64\debug\airplanes.obj
c:\управление данными\airport\airport\x64\debug\menuagent.obj
c:\управление данными\airport\airport\x64\debug\baggage.obj
c:\управление данными\airport\airport\x64\debug\boardingpass.obj
c:\управление данными\airport\x64\debug\materialskin.dll
c:\управление данными\airport\x64\debug\airport.exe
c:\управление данными\airport\x64\debug\airport.pdb
c:\управление данными\airport\airport\x64\debug\airport.tlog\metagen.write.1.tlog
c:\управление данными\airport\airport\x64\debug\menu.obj
c:\управление данными\airport\airport\x64\debug\airport.tlog\cl.command.1.tlog
c:\управление данными\airport\airport\x64\debug\airport.tlog\cl.items.tlog
c:\управление данными\airport\airport\x64\debug\airport.tlog\cl.read.1.tlog
c:\управление данными\airport\airport\x64\debug\airport.tlog\cl.write.1.tlog
c:\управление данными\airport\airport\x64\debug\airport.tlog\copylocal.read.1u.tlog
c:\управление данными\airport\airport\x64\debug\airport.tlog\copylocal.write.1u.tlog
c:\управление данными\airport\airport\x64\debug\airport.tlog\link.command.1.tlog
c:\управление данными\airport\airport\x64\debug\airport.tlog\link.read.1.tlog
c:\управление данными\airport\airport\x64\debug\airport.tlog\link.secondary.1.tlog
c:\управление данными\airport\airport\x64\debug\airport.tlog\link.write.1.tlog
c:\управление данными\airport\airport\x64\debug\airport.tlog\metagen.read.1.tlog
c:\управление данными\airport\airport\x64\debug\airport.tlog\resgen.command.1.tlog
c:\управление данными\airport\airport\x64\debug\airport.tlog\resgen.read.1.tlog
c:\управление данными\airport\airport\x64\debug\airport.tlog\resgen.write.1.tlog
c:\управление данными\airport\airport\x64\debug\airport.tlog\materialskin.dll.metagen
